<?xml version="1.0" encoding="UTF-8"?>
<Site BuildName="Linux-c++"
	BuildStamp="20240326-0019-Experimental"
	Name="LAPTOP-O7F4VQ2L"
	Generator="ctest-3.29.0"
	CompilerName="/usr/sbin/c++"
	CompilerVersion="13.2.1"
	OSName="Linux"
	Hostname="LAPTOP-O7F4VQ2L"
	OSRelease="5.15.146.1-microsoft-standard-WSL2"
	OSVersion="#1 SMP Thu Jan 11 04:09:03 UTC 2024"
	OSPlatform="x86_64"
	Is64Bits="1"
	VendorString="AuthenticAMD"
	VendorID="Advanced Micro Devices"
	FamilyID="23"
	ModelID="96"
	ProcessorCacheSize="512"
	NumberOfLogicalCPU="16"
	NumberOfPhysicalCPU="8"
	TotalVirtualMemory="2048"
	TotalPhysicalMemory="7622"
	LogicalProcessorsPerPhysical="2"
	ProcessorClockFrequency="1796.56"
	>
	<Testing>
		<StartDateTime>Mar 26 11:50 CST</StartDateTime>
		<StartTestTime>1711425025</StartTestTime>
		<TestList/>
		<EndDateTime>Mar 26 11:50 CST</EndDateTime>
		<EndTestTime>1711425025</EndTestTime>
		<ElapsedMinutes>0</ElapsedMinutes>
	</Testing>
</Site>
